<?xml version="1.0" encoding="UTF-8"?>
<!-- Generated by org.testng.reporters.JUnitXMLReporter -->
<testsuite ignored="4" hostname="DESKTOP-JIECLUC" failures="0" tests="3" name="Default test" time="18.631" errors="0" timestamp="2024-10-02T15:25:12 IST">
  <testcase classname="com.sevenrmartsupermarket.tests.AdminUsersTest" name="verifyNewAdminUser" time="2.824"/>
  <testcase classname="com.sevenrmartsupermarket.tests.AdminUsersTest" name="verifyNewAdminUser" time="2.195"/>
  <testcase classname="com.sevenrmartsupermarket.tests.AdminUsersTest" name="verifyNewAdminUser" time="2.454"/>
  <testcase classname="com.sevenrmartsupermarket.tests.AdminUsersTest" name="verifyTextOfSearchButton" time="0.0">
    <ignored/>
  </testcase> <!-- verifyTextOfSearchButton -->
  <testcase classname="com.sevenrmartsupermarket.tests.AdminUsersTest" name="verifyHeaderOfTable" time="0.0">
    <ignored/>
  </testcase> <!-- verifyHeaderOfTable -->
  <testcase classname="com.sevenrmartsupermarket.tests.AdminUsersTest" name="verifyColorOfNewButton" time="0.0">
    <ignored/>
  </testcase> <!-- verifyColorOfNewButton -->
  <testcase classname="com.sevenrmartsupermarket.tests.AdminUsersTest" name="verifyTextOfAdminSearchButton" time="0.0">
    <ignored/>
  </testcase> <!-- verifyTextOfAdminSearchButton -->
</testsuite> <!-- Default test -->
