<?xml version="1.0" encoding="UTF-8"?>
<!-- Generated by org.testng.reporters.JUnitXMLReporter -->
<testsuite ignored="5" hostname="DESKTOP-JIECLUC" failures="0" tests="1" name="Default test" time="6.224" errors="0" timestamp="2024-10-02T15:35:10 IST">
  <testcase classname="com.sevenrmartsupermarket.tests.HomeTest" name="verifyAllCardNames" time="1.171"/>
  <testcase classname="com.sevenrmartsupermarket.tests.HomeTest" name="verifyProfileName" time="0.0">
    <ignored/>
  </testcase> <!-- verifyProfileName -->
  <testcase classname="com.sevenrmartsupermarket.tests.HomeTest" name="verifyTitleOfSubCategoryCard" time="0.0">
    <ignored/>
  </testcase> <!-- verifyTitleOfSubCategoryCard -->
  <testcase classname="com.sevenrmartsupermarket.tests.HomeTest" name="verifyWebsiteNameOfCategoryCard" time="0.0">
    <ignored/>
  </testcase> <!-- verifyWebsiteNameOfCategoryCard -->
  <testcase classname="com.sevenrmartsupermarket.tests.HomeTest" name="verifyStyleOfwebsiteName" time="0.0">
    <ignored/>
  </testcase> <!-- verifyStyleOfwebsiteName -->
  <testcase classname="com.sevenrmartsupermarket.tests.HomeTest" name="verifyAdminUsersCard" time="0.0">
    <ignored/>
  </testcase> <!-- verifyAdminUsersCard -->
</testsuite> <!-- Default test -->
