<?xml version="1.0" encoding="UTF-8"?>
<!-- Generated by org.testng.reporters.JUnitXMLReporter -->
<testsuite ignored="0" hostname="DESKTOP-JIECLUC" failures="0" tests="3" name="testing in firefox" time="60.055" errors="0" timestamp="2024-09-27T20:53:06 IST">
  <testcase classname="com.sevenrmartsupermarket.tests.LoginTest" name="verifyAdminLogin" time="1.667"/>
  <testcase classname="com.sevenrmartsupermarket.tests.LoginTest" name="verifyLoginWithMutipleUsers" time="1.082"/>
  <testcase classname="com.sevenrmartsupermarket.tests.LoginTest" name="verifyLoginWithMutipleUsers" time="3.104"/>
</testsuite> <!-- testing in firefox -->
