<?xml version="1.0" encoding="UTF-8"?>
<!-- Generated by org.testng.reporters.JUnitXMLReporter -->
<testsuite ignored="0" hostname="DESKTOP-JIECLUC" failures="0" tests="3" name="functionality test" time="25.866" errors="0" timestamp="2024-10-01T17:18:17 IST">
  <testcase classname="com.sevenrmartsupermarket.tests.CategoryTest" name="verifyColorOfResetButton" time="1.404"/>
  <testcase classname="com.sevenrmartsupermarket.tests.CategoryTest" name="verifyEditCategoryAlertMessage" time="13.2"/>
  <testcase classname="com.sevenrmartsupermarket.tests.CategoryTest" name="verifyListCategorySearch" time="2.142"/>
</testsuite> <!-- functionality test -->
