<?xml version="1.0" encoding="UTF-8"?>
<!-- Generated by org.testng.reporters.JUnitXMLReporter -->
<testsuite ignored="0" hostname="DESKTOP-JIECLUC" failures="0" tests="6" name="integration test" time="24.29" errors="0" timestamp="2024-10-01T17:17:16 IST">
  <testcase classname="com.sevenrmartsupermarket.tests.HomeTest" name="verifyAdminUsersCard" time="1.717"/>
  <testcase classname="com.sevenrmartsupermarket.tests.HomeTest" name="verifyAllCardNames" time="1.193"/>
  <testcase classname="com.sevenrmartsupermarket.tests.HomeTest" name="verifyProfileName" time="0.798"/>
  <testcase classname="com.sevenrmartsupermarket.tests.HomeTest" name="verifyStyleOfwebsiteName" time="0.904"/>
  <testcase classname="com.sevenrmartsupermarket.tests.HomeTest" name="verifyTitleOfSubCategoryCard" time="1.535"/>
  <testcase classname="com.sevenrmartsupermarket.tests.HomeTest" name="verifyWesiteNameOfCategoryCard" time="1.418"/>
</testsuite> <!-- integration test -->
