<?xml version="1.0" encoding="UTF-8"?>
<!-- Generated by org.testng.reporters.JUnitXMLReporter -->
<testsuite ignored="0" hostname="DESKTOP-JIECLUC" failures="0" tests="7" name="sanity test" time="35.266" errors="0" timestamp="2024-10-01T17:17:51 IST">
  <testcase classname="com.sevenrmartsupermarket.tests.AdminUsersTest" name="verifyAdminSearch" time="1.922"/>
  <testcase classname="com.sevenrmartsupermarket.tests.AdminUsersTest" name="verifyColorOfNewButton" time="1.325"/>
  <testcase classname="com.sevenrmartsupermarket.tests.AdminUsersTest" name="verifyHeaderOfTable" time="1.239"/>
  <testcase classname="com.sevenrmartsupermarket.tests.AdminUsersTest" name="verifyNewAdminUser" time="2.838"/>
  <testcase classname="com.sevenrmartsupermarket.tests.AdminUsersTest" name="verifyNewAdminUser" time="3.187"/>
  <testcase classname="com.sevenrmartsupermarket.tests.AdminUsersTest" name="verifyNewAdminUser" time="2.84"/>
  <testcase classname="com.sevenrmartsupermarket.tests.AdminUsersTest" name="verifyTextOfSearchButton" time="1.525"/>
</testsuite> <!-- sanity test -->
