<?xml version="1.0" encoding="UTF-8"?>
<!-- Generated by org.testng.reporters.JUnitXMLReporter -->
<testsuite ignored="0" hostname="DESKTOP-JIECLUC" failures="0" tests="3" name="smoke test" time="17.703" errors="0" timestamp="2024-10-01T17:18:35 IST">
  <testcase classname="com.sevenrmartsupermarket.tests.SubCategoryTest" name="verifyDeleteAlertMessage" time="1.324"/>
  <testcase classname="com.sevenrmartsupermarket.tests.SubCategoryTest" name="verifyNewSubCategoryTitle" time="6.004"/>
  <testcase classname="com.sevenrmartsupermarket.tests.SubCategoryTest" name="verifySubCategorySearch" time="1.98"/>
</testsuite> <!-- smoke test -->
