<?xml version="1.0" encoding="UTF-8"?>
<!-- Generated by org.testng.reporters.JUnitXMLReporter -->
<testsuite ignored="0" hostname="DESKTOP-JIECLUC" failures="0" tests="3" name="UI test" time="15.367" errors="0" timestamp="2024-10-01T17:16:52 IST">
  <testcase classname="com.sevenrmartsupermarket.tests.LoginTest" name="verifyAdminLogin" time="1.522"/>
  <testcase classname="com.sevenrmartsupermarket.tests.LoginTest" name="verifyLoginWithMutipleUsers" time="1.126"/>
  <testcase classname="com.sevenrmartsupermarket.tests.LoginTest" name="verifyLoginWithMutipleUsers" time="1.129"/>
</testsuite> <!-- UI test -->
