<?xml version="1.0" encoding="UTF-8"?>
<!-- Generated by org.testng.reporters.JUnitXMLReporter -->
<testsuite ignored="16" hostname="DESKTOP-JIECLUC" failures="0" tests="3" name="validation of groups" time="18.266" errors="0" timestamp="2024-09-30T20:32:38 IST">
  <testcase classname="com.sevenrmartsupermarket.tests.LoginTest" name="verifyAdminLogin" time="1.244"/>
  <testcase classname="com.sevenrmartsupermarket.tests.LoginTest" name="verifyLoginWithMutipleUsers" time="1.02"/>
  <testcase classname="com.sevenrmartsupermarket.tests.LoginTest" name="verifyLoginWithMutipleUsers" time="1.0"/>
  <testcase classname="com.sevenrmartsupermarket.tests.AdminUsersTest" name="verifyNewAdminUser" time="0.0">
    <ignored/>
  </testcase> <!-- verifyNewAdminUser -->
  <testcase classname="com.sevenrmartsupermarket.tests.AdminUsersTest" name="verifyHeaderOfTable" time="0.0">
    <ignored/>
  </testcase> <!-- verifyHeaderOfTable -->
  <testcase classname="com.sevenrmartsupermarket.tests.AdminUsersTest" name="verifyTextOfSearchButton" time="0.0">
    <ignored/>
  </testcase> <!-- verifyTextOfSearchButton -->
  <testcase classname="com.sevenrmartsupermarket.tests.CategoryTest" name="verifyCategorySearch" time="0.0">
    <ignored/>
  </testcase> <!-- verifyCategorySearch -->
  <testcase classname="com.sevenrmartsupermarket.tests.SubCategoryTest" name="verifySubCategorySearch" time="0.0">
    <ignored/>
  </testcase> <!-- verifySubCategorySearch -->
  <testcase classname="com.sevenrmartsupermarket.tests.CategoryTest" name="verifyColorOfResetButton" time="0.0">
    <ignored/>
  </testcase> <!-- verifyColorOfResetButton -->
  <testcase classname="com.sevenrmartsupermarket.tests.CategoryTest" name="verifyEditCategory" time="0.0">
    <ignored/>
  </testcase> <!-- verifyEditCategory -->
  <testcase classname="com.sevenrmartsupermarket.tests.HomeTest" name="verifyStyleOfwebsiteName" time="0.0">
    <ignored/>
  </testcase> <!-- verifyStyleOfwebsiteName -->
  <testcase classname="com.sevenrmartsupermarket.tests.HomeTest" name="verifySubCategoryCard" time="0.0">
    <ignored/>
  </testcase> <!-- verifySubCategoryCard -->
  <testcase classname="com.sevenrmartsupermarket.tests.AdminUsersTest" name="verifyAdminSearch" time="0.0">
    <ignored/>
  </testcase> <!-- verifyAdminSearch -->
  <testcase classname="com.sevenrmartsupermarket.tests.AdminUsersTest" name="verifyColorOfNewButton" time="0.0">
    <ignored/>
  </testcase> <!-- verifyColorOfNewButton -->
  <testcase classname="com.sevenrmartsupermarket.tests.SubCategoryTest" name="verifyNewSubCategory" time="0.0">
    <ignored/>
  </testcase> <!-- verifyNewSubCategory -->
  <testcase classname="com.sevenrmartsupermarket.tests.HomeTest" name="verifyCategoryCard" time="0.0">
    <ignored/>
  </testcase> <!-- verifyCategoryCard -->
  <testcase classname="com.sevenrmartsupermarket.tests.HomeTest" name="verifyAllCardNames" time="0.0">
    <ignored/>
  </testcase> <!-- verifyAllCardNames -->
  <testcase classname="com.sevenrmartsupermarket.tests.HomeTest" name="verifyProfileName" time="0.0">
    <ignored/>
  </testcase> <!-- verifyProfileName -->
  <testcase classname="com.sevenrmartsupermarket.tests.HomeTest" name="verifyAdminUsersCard" time="0.0">
    <ignored/>
  </testcase> <!-- verifyAdminUsersCard -->
</testsuite> <!-- validation of groups -->
