<?xml version="1.0" encoding="UTF-8"?>
<testng-results ignored="0" total="1" passed="1" failed="0" skipped="0">
  <reporter-output>
  </reporter-output>
  <suite started-at="2024-10-01T21:27:37 IST" name="Default suite" finished-at="2024-10-01T21:27:45 IST" duration-ms="7652">
    <groups>
      <group name="smoke">
        <method signature="SubCategoryTest.verifyDeleteAlertMessage()[pri:0, instance:com.sevenrmartsupermarket.tests.SubCategoryTest@1a677343]" name="verifyDeleteAlertMessage" class="com.sevenrmartsupermarket.tests.SubCategoryTest"/>
      </group> <!-- smoke -->
    </groups>
    <test started-at="2024-10-01T21:27:37 IST" name="Default test" finished-at="2024-10-01T21:27:45 IST" duration-ms="7652">
      <class name="com.sevenrmartsupermarket.tests.SubCategoryTest">
        <test-method is-config="true" signature="initializeBrowser()[pri:0, instance:com.sevenrmartsupermarket.tests.SubCategoryTest@1a677343]" started-at="2024-10-01T21:27:37 IST" name="initializeBrowser" finished-at="2024-10-01T21:27:42 IST" duration-ms="5085" status="PASS">
          <reporter-output>
          </reporter-output>
        </test-method> <!-- initializeBrowser -->
        <test-method signature="verifyDeleteAlertMessage()[pri:0, instance:com.sevenrmartsupermarket.tests.SubCategoryTest@1a677343]" started-at="2024-10-01T21:27:42 IST" name="verifyDeleteAlertMessage" finished-at="2024-10-01T21:27:44 IST" duration-ms="1658" status="PASS">
          <reporter-output>
          </reporter-output>
        </test-method> <!-- verifyDeleteAlertMessage -->
        <test-method is-config="true" signature="terminateSession(org.testng.ITestResult)[pri:0, instance:com.sevenrmartsupermarket.tests.SubCategoryTest@1a677343]" started-at="2024-10-01T21:27:44 IST" name="terminateSession" finished-at="2024-10-01T21:27:45 IST" duration-ms="809" status="PASS">
          <params>
            <param index="0">
              <value>
                <![CDATA[[TestResult name=verifyDeleteAlertMessage status=SUCCESS method=SubCategoryTest.verifyDeleteAlertMessage()[pri:0, instance:com.sevenrmartsupermarket.tests.SubCategoryTest@1a677343] output={null}]]]>
              </value>
            </param>
          </params>
          <reporter-output>
          </reporter-output>
        </test-method> <!-- terminateSession -->
      </class> <!-- com.sevenrmartsupermarket.tests.SubCategoryTest -->
    </test> <!-- Default test -->
  </suite> <!-- Default suite -->
</testng-results>
