<?xml version="1.0" encoding="UTF-8"?>
<testng-results ignored="0" total="3" passed="3" failed="0" skipped="0">
  <reporter-output>
  </reporter-output>
  <suite started-at="2024-10-02T15:24:53 IST" name="Default suite" finished-at="2024-10-02T15:25:12 IST" duration-ms="18631">
    <groups>
      <group name="regression">
        <method signature="AdminUsersTest.verifyNewAdminUser(java.lang.String,java.lang.String)[pri:0, instance:com.sevenrmartsupermarket.tests.AdminUsersTest@489115ef]" name="verifyNewAdminUser" class="com.sevenrmartsupermarket.tests.AdminUsersTest"/>
      </group> <!-- regression -->
      <group name="smoke">
        <method signature="AdminUsersTest.verifyNewAdminUser(java.lang.String,java.lang.String)[pri:0, instance:com.sevenrmartsupermarket.tests.AdminUsersTest@489115ef]" name="verifyNewAdminUser" class="com.sevenrmartsupermarket.tests.AdminUsersTest"/>
      </group> <!-- smoke -->
    </groups>
    <test started-at="2024-10-02T15:24:53 IST" name="Default test" finished-at="2024-10-02T15:25:12 IST" duration-ms="18631">
      <class name="com.sevenrmartsupermarket.tests.AdminUsersTest">
        <test-method is-config="true" signature="initializeBrowser()[pri:0, instance:com.sevenrmartsupermarket.tests.AdminUsersTest@489115ef]" started-at="2024-10-02T15:24:54 IST" name="initializeBrowser" finished-at="2024-10-02T15:24:57 IST" duration-ms="3506" status="PASS">
          <reporter-output>
          </reporter-output>
        </test-method> <!-- initializeBrowser -->
        <test-method signature="verifyNewAdminUser(java.lang.String,java.lang.String)[pri:0, instance:com.sevenrmartsupermarket.tests.AdminUsersTest@489115ef]" started-at="2024-10-02T15:24:57 IST" name="verifyNewAdminUser" data-provider="enterNewAdminUser" finished-at="2024-10-02T15:25:00 IST" duration-ms="2824" status="PASS">
          <params>
            <param index="0">
              <value>
                <![CDATA[Ronex]]>
              </value>
            </param>
            <param index="1">
              <value>
                <![CDATA[Anjali123]]>
              </value>
            </param>
          </params>
          <reporter-output>
          </reporter-output>
        </test-method> <!-- verifyNewAdminUser -->
        <test-method is-config="true" signature="terminateSession(org.testng.ITestResult)[pri:0, instance:com.sevenrmartsupermarket.tests.AdminUsersTest@489115ef]" started-at="2024-10-02T15:25:00 IST" name="terminateSession" finished-at="2024-10-02T15:25:00 IST" duration-ms="260" status="PASS">
          <params>
            <param index="0">
              <value>
                <![CDATA[[TestResult name=verifyNewAdminUser status=SUCCESS method=AdminUsersTest.verifyNewAdminUser(java.lang.String,java.lang.String)[pri:0, instance:com.sevenrmartsupermarket.tests.AdminUsersTest@489115ef] output={null}]]]>
              </value>
            </param>
          </params>
          <reporter-output>
          </reporter-output>
        </test-method> <!-- terminateSession -->
        <test-method is-config="true" signature="initializeBrowser()[pri:0, instance:com.sevenrmartsupermarket.tests.AdminUsersTest@489115ef]" started-at="2024-10-02T15:25:00 IST" name="initializeBrowser" finished-at="2024-10-02T15:25:04 IST" duration-ms="3235" status="PASS">
          <reporter-output>
          </reporter-output>
        </test-method> <!-- initializeBrowser -->
        <test-method signature="verifyNewAdminUser(java.lang.String,java.lang.String)[pri:0, instance:com.sevenrmartsupermarket.tests.AdminUsersTest@489115ef]" started-at="2024-10-02T15:25:04 IST" name="verifyNewAdminUser" data-provider="enterNewAdminUser" finished-at="2024-10-02T15:25:06 IST" duration-ms="2195" status="PASS">
          <params>
            <param index="0">
              <value>
                <![CDATA[Ambuja]]>
              </value>
            </param>
            <param index="1">
              <value>
                <![CDATA[Donert]]>
              </value>
            </param>
          </params>
          <reporter-output>
          </reporter-output>
        </test-method> <!-- verifyNewAdminUser -->
        <test-method is-config="true" signature="terminateSession(org.testng.ITestResult)[pri:0, instance:com.sevenrmartsupermarket.tests.AdminUsersTest@489115ef]" started-at="2024-10-02T15:25:06 IST" name="terminateSession" finished-at="2024-10-02T15:25:06 IST" duration-ms="511" status="PASS">
          <params>
            <param index="0">
              <value>
                <![CDATA[[TestResult name=verifyNewAdminUser status=SUCCESS method=AdminUsersTest.verifyNewAdminUser(java.lang.String,java.lang.String)[pri:0, instance:com.sevenrmartsupermarket.tests.AdminUsersTest@489115ef] output={null}]]]>
              </value>
            </param>
          </params>
          <reporter-output>
          </reporter-output>
        </test-method> <!-- terminateSession -->
        <test-method is-config="true" signature="initializeBrowser()[pri:0, instance:com.sevenrmartsupermarket.tests.AdminUsersTest@489115ef]" started-at="2024-10-02T15:25:06 IST" name="initializeBrowser" finished-at="2024-10-02T15:25:09 IST" duration-ms="2482" status="PASS">
          <reporter-output>
          </reporter-output>
        </test-method> <!-- initializeBrowser -->
        <test-method signature="verifyNewAdminUser(java.lang.String,java.lang.String)[pri:0, instance:com.sevenrmartsupermarket.tests.AdminUsersTest@489115ef]" started-at="2024-10-02T15:25:09 IST" name="verifyNewAdminUser" data-provider="enterNewAdminUser" finished-at="2024-10-02T15:25:11 IST" duration-ms="2454" status="PASS">
          <params>
            <param index="0">
              <value>
                <![CDATA[Rohith]]>
              </value>
            </param>
            <param index="1">
              <value>
                <![CDATA[Khadar]]>
              </value>
            </param>
          </params>
          <reporter-output>
          </reporter-output>
        </test-method> <!-- verifyNewAdminUser -->
        <test-method is-config="true" signature="terminateSession(org.testng.ITestResult)[pri:0, instance:com.sevenrmartsupermarket.tests.AdminUsersTest@489115ef]" started-at="2024-10-02T15:25:11 IST" name="terminateSession" finished-at="2024-10-02T15:25:12 IST" duration-ms="386" status="PASS">
          <params>
            <param index="0">
              <value>
                <![CDATA[[TestResult name=verifyNewAdminUser status=SUCCESS method=AdminUsersTest.verifyNewAdminUser(java.lang.String,java.lang.String)[pri:0, instance:com.sevenrmartsupermarket.tests.AdminUsersTest@489115ef] output={null}]]]>
              </value>
            </param>
          </params>
          <reporter-output>
          </reporter-output>
        </test-method> <!-- terminateSession -->
      </class> <!-- com.sevenrmartsupermarket.tests.AdminUsersTest -->
    </test> <!-- Default test -->
  </suite> <!-- Default suite -->
</testng-results>
