<?xml version="1.0" encoding="UTF-8"?>
<!-- Generated by org.testng.reporters.JUnitXMLReporter -->
<testsuite ignored="0" hostname="DESKTOP-JIECLUC" failures="0" tests="3" name="functionality test" time="16.486" errors="0" timestamp="2024-09-30T19:26:06 IST">
  <testcase classname="com.sevenrmartsupermarket.tests.CategoryTest" name="verifyCategorySearch" time="1.589"/>
  <testcase classname="com.sevenrmartsupermarket.tests.CategoryTest" name="verifyColorOfResetButton" time="0.836"/>
  <testcase classname="com.sevenrmartsupermarket.tests.CategoryTest" name="verifyEditCategory" time="4.487"/>
</testsuite> <!-- functionality test -->
