<?xml version="1.0" encoding="UTF-8"?>
<!-- Generated by org.testng.reporters.JUnitXMLReporter -->
<testsuite ignored="0" hostname="DESKTOP-JIECLUC" failures="0" tests="6" name="integration testing" time="19.725" errors="0" timestamp="2024-09-27T19:50:23 IST">
  <testcase classname="com.sevenrmartsupermarket.tests.HomeTest" name="verifyAdminUsersCard" time="1.01"/>
  <testcase classname="com.sevenrmartsupermarket.tests.HomeTest" name="verifyAllCardNames" time="0.887"/>
  <testcase classname="com.sevenrmartsupermarket.tests.HomeTest" name="verifyCategoryCard" time="0.932"/>
  <testcase classname="com.sevenrmartsupermarket.tests.HomeTest" name="verifyProfileName" time="0.562"/>
  <testcase classname="com.sevenrmartsupermarket.tests.HomeTest" name="verifyStyleOfwebsiteName" time="0.92"/>
  <testcase classname="com.sevenrmartsupermarket.tests.HomeTest" name="verifySubCategoryCard" time="0.983"/>
</testsuite> <!-- integration testing -->
