<?xml version="1.0" encoding="UTF-8"?>
<!-- Generated by org.testng.reporters.JUnitXMLReporter -->
<testsuite ignored="0" hostname="DESKTOP-JIECLUC" failures="0" tests="6" name="integration test" time="22.704" errors="0" timestamp="2024-09-30T19:25:20 IST">
  <testcase classname="com.sevenrmartsupermarket.tests.HomeTest" name="verifyAdminUsersCard" time="1.026"/>
  <testcase classname="com.sevenrmartsupermarket.tests.HomeTest" name="verifyAllCardNames" time="0.704"/>
  <testcase classname="com.sevenrmartsupermarket.tests.HomeTest" name="verifyCategoryCard" time="1.019"/>
  <testcase classname="com.sevenrmartsupermarket.tests.HomeTest" name="verifyProfileName" time="0.583"/>
  <testcase classname="com.sevenrmartsupermarket.tests.HomeTest" name="verifyStyleOfwebsiteName" time="0.524"/>
  <testcase classname="com.sevenrmartsupermarket.tests.HomeTest" name="verifySubCategoryCard" time="0.862"/>
</testsuite> <!-- integration test -->
