<?xml version="1.0" encoding="UTF-8"?>
<!-- Generated by org.testng.reporters.JUnitXMLReporter -->
<testsuite ignored="0" hostname="DESKTOP-JIECLUC" failures="0" tests="6" name="sanity testing" time="29.386" errors="0" timestamp="2024-09-27T19:50:53 IST">
  <testcase classname="com.sevenrmartsupermarket.tests.AdminUsersTest" name="verifyAdminSearchButton" time="1.383"/>
  <testcase classname="com.sevenrmartsupermarket.tests.AdminUsersTest" name="verifyColorOfNewButton" time="1.11"/>
  <testcase classname="com.sevenrmartsupermarket.tests.AdminUsersTest" name="verifyHeaderOfTable" time="0.889"/>
  <testcase classname="com.sevenrmartsupermarket.tests.AdminUsersTest" name="verifyNewAdminUser" time="1.981"/>
  <testcase classname="com.sevenrmartsupermarket.tests.AdminUsersTest" name="verifyNewAdminUser" time="1.684"/>
  <testcase classname="com.sevenrmartsupermarket.tests.AdminUsersTest" name="verifyTextOfSearchButton" time="1.188"/>
</testsuite> <!-- sanity testing -->
