<?xml version="1.0" encoding="UTF-8"?>
<!-- Generated by org.testng.reporters.JUnitXMLReporter -->
<testsuite ignored="0" hostname="DESKTOP-JIECLUC" failures="0" tests="7" name="sanity test" time="29.331" errors="0" timestamp="2024-09-30T19:25:49 IST">
  <testcase classname="com.sevenrmartsupermarket.tests.AdminUsersTest" name="verifyAdminSearch" time="1.549"/>
  <testcase classname="com.sevenrmartsupermarket.tests.AdminUsersTest" name="verifyColorOfNewButton" time="0.732"/>
  <testcase classname="com.sevenrmartsupermarket.tests.AdminUsersTest" name="verifyHeaderOfTable" time="1.036"/>
  <testcase classname="com.sevenrmartsupermarket.tests.AdminUsersTest" name="verifyNewAdminUser" time="1.732"/>
  <testcase classname="com.sevenrmartsupermarket.tests.AdminUsersTest" name="verifyNewAdminUser" time="1.617"/>
  <testcase classname="com.sevenrmartsupermarket.tests.AdminUsersTest" name="verifyNewAdminUser" time="1.784"/>
  <testcase classname="com.sevenrmartsupermarket.tests.AdminUsersTest" name="verifyTextOfSearchButton" time="0.811"/>
</testsuite> <!-- sanity test -->
