<?xml version="1.0" encoding="UTF-8"?>
<!-- Generated by org.testng.reporters.JUnitXMLReporter -->
<testsuite ignored="0" hostname="DESKTOP-JIECLUC" failures="0" tests="2" name="smoke test" time="16.989" errors="0" timestamp="2024-09-30T19:26:23 IST">
  <testcase classname="com.sevenrmartsupermarket.tests.SubCategoryTest" name="verifyNewSubCategory" time="9.29"/>
  <testcase classname="com.sevenrmartsupermarket.tests.SubCategoryTest" name="verifySubCategorySearch" time="1.3"/>
</testsuite> <!-- smoke test -->
