<?xml version="1.0" encoding="UTF-8"?>
<!-- Generated by org.testng.reporters.JUnitXMLReporter -->
<testsuite ignored="0" hostname="DESKTOP-JIECLUC" failures="0" tests="3" name="smoke testing" time="19.247" errors="0" timestamp="2024-09-27T19:50:04 IST">
  <testcase classname="com.sevenrmartsupermarket.tests.LoginTest" name="verifyAdminLogin" time="1.365"/>
  <testcase classname="com.sevenrmartsupermarket.tests.LoginTest" name="verifyLoginWithMutipleUsers" time="0.74"/>
  <testcase classname="com.sevenrmartsupermarket.tests.LoginTest" name="verifyLoginWithMutipleUsers" time="0.731"/>
</testsuite> <!-- smoke testing -->
