<?xml version="1.0" encoding="UTF-8"?>
<!-- Generated by org.testng.reporters.JUnitXMLReporter -->
<testsuite ignored="0" hostname="DESKTOP-JIECLUC" failures="0" tests="4" name="testone" time="34.288" errors="0" timestamp="2024-09-26T20:54:14 IST">
  <testcase classname="com.sevenrmartsupermarket.tests.HomeTest" name="getStyleOfwebsiteName" time="1.165"/>
  <testcase classname="com.sevenrmartsupermarket.tests.HomeTest" name="verifyAdminUsersmenu" time="1.445"/>
  <testcase classname="com.sevenrmartsupermarket.tests.HomeTest" name="verifyCategoryMenu" time="1.915"/>
  <testcase classname="com.sevenrmartsupermarket.tests.HomeTest" name="verifyProfileName" time="1.326"/>
</testsuite> <!-- testone -->
