<?xml version="1.0" encoding="UTF-8"?>
<!-- Generated by org.testng.reporters.JUnitXMLReporter -->
<testsuite ignored="0" hostname="DESKTOP-JIECLUC" failures="0" tests="3" name="testtwo" time="22.291" errors="0" timestamp="2024-09-26T20:54:36 IST">
  <testcase classname="com.sevenrmartsupermarket.tests.LoginTest" name="verifyAdminLogin" time="1.431"/>
  <testcase classname="com.sevenrmartsupermarket.tests.LoginTest" name="verifyLoginWithMutipleUsers" time="1.164"/>
  <testcase classname="com.sevenrmartsupermarket.tests.LoginTest" name="verifyLoginWithMutipleUsers" time="0.86"/>
</testsuite> <!-- testtwo -->
