<?xml version="1.0" encoding="UTF-8"?>
<!-- Generated by org.testng.reporters.JUnitXMLReporter -->
<testsuite ignored="0" hostname="DESKTOP-JIECLUC" failures="0" tests="3" name="testthree" time="22.46" errors="0" timestamp="2024-09-26T20:54:59 IST">
  <testcase classname="com.sevenrmartsupermarket.tests.AdminUsersTest" name="getColorOfNewButton" time="2.49"/>
  <testcase classname="com.sevenrmartsupermarket.tests.AdminUsersTest" name="getTextOfSearchButton" time="1.076"/>
  <testcase classname="com.sevenrmartsupermarket.tests.AdminUsersTest" name="getThirdRowDataOfTable" time="1.238"/>
</testsuite> <!-- testthree -->
